0 info it worked if it ends with ok
1 verbose cli [ '/Users/mbrocato/.nvm/versions/node/v7.5.0/bin/node',
1 verbose cli   '/Users/mbrocato/.nvm/versions/node/v7.5.0/bin/npm',
1 verbose cli   'install',
1 verbose cli   '@extjs/reactor-fiber@^0.2.12' ]
2 info using npm@4.1.2
3 info using node@v7.5.0
4 silly loadCurrentTree Starting
5 silly install loadCurrentTree
6 silly install readLocalPackageData
7 silly fetchPackageMetaData @extjs/reactor-fiber@^0.2.12
8 silly fetchNamedPackageData @extjs/reactor-fiber
9 silly mapToRegistry name @extjs/reactor-fiber
10 silly mapToRegistry scope (from package name) @extjs
11 verbose mapToRegistry no registry URL found in name for scope @extjs
12 silly mapToRegistry using default registry
13 silly mapToRegistry registry https://registry.npmjs.org/
14 silly mapToRegistry data Result {
14 silly mapToRegistry   raw: '@extjs/reactor-fiber',
14 silly mapToRegistry   scope: '@extjs',
14 silly mapToRegistry   escapedName: '@extjs%2freactor-fiber',
14 silly mapToRegistry   name: '@extjs/reactor-fiber',
14 silly mapToRegistry   rawSpec: '',
14 silly mapToRegistry   spec: 'latest',
14 silly mapToRegistry   type: 'tag' }
15 silly mapToRegistry uri https://registry.npmjs.org/@extjs%2freactor-fiber
16 verbose request uri https://registry.npmjs.org/@extjs%2freactor-fiber
17 verbose request no auth needed
18 info attempt registry request try #1 at 2:03:01 PM
19 verbose request using bearer token for auth
20 verbose request id 8e0da65ed8b6de38
21 http request GET https://registry.npmjs.org/@extjs%2freactor-fiber
22 http 404 https://registry.npmjs.org/@extjs%2freactor-fiber
23 verbose headers { 'content-type': 'application/json',
23 verbose headers   'cache-control': 'max-age=0',
23 verbose headers   'content-length': '21',
23 verbose headers   'accept-ranges': 'bytes',
23 verbose headers   date: 'Fri, 17 Mar 2017 18:03:01 GMT',
23 verbose headers   via: '1.1 varnish',
23 verbose headers   connection: 'keep-alive',
23 verbose headers   'x-served-by': 'cache-iad2638-IAD',
23 verbose headers   'x-cache': 'MISS',
23 verbose headers   'x-cache-hits': '0',
23 verbose headers   'x-timer': 'S1489773781.480761,VS0,VE352' }
24 silly get cb [ 404,
24 silly get   { 'content-type': 'application/json',
24 silly get     'cache-control': 'max-age=0',
24 silly get     'content-length': '21',
24 silly get     'accept-ranges': 'bytes',
24 silly get     date: 'Fri, 17 Mar 2017 18:03:01 GMT',
24 silly get     via: '1.1 varnish',
24 silly get     connection: 'keep-alive',
24 silly get     'x-served-by': 'cache-iad2638-IAD',
24 silly get     'x-cache': 'MISS',
24 silly get     'x-cache-hits': '0',
24 silly get     'x-timer': 'S1489773781.480761,VS0,VE352' } ]
25 silly fetchPackageMetaData Error: Not found : @extjs/reactor-fiber
25 silly fetchPackageMetaData     at makeError (/Users/mbrocato/.nvm/versions/node/v7.5.0/lib/node_modules/npm/node_modules/npm-registry-client/lib/request.js:304:12)
25 silly fetchPackageMetaData     at CachingRegistryClient.<anonymous> (/Users/mbrocato/.nvm/versions/node/v7.5.0/lib/node_modules/npm/node_modules/npm-registry-client/lib/request.js:292:14)
25 silly fetchPackageMetaData     at Request._callback (/Users/mbrocato/.nvm/versions/node/v7.5.0/lib/node_modules/npm/node_modules/npm-registry-client/lib/request.js:212:14)
25 silly fetchPackageMetaData     at Request.self.callback (/Users/mbrocato/.nvm/versions/node/v7.5.0/lib/node_modules/npm/node_modules/request/request.js:186:22)
25 silly fetchPackageMetaData     at emitTwo (events.js:106:13)
25 silly fetchPackageMetaData     at Request.emit (events.js:192:7)
25 silly fetchPackageMetaData     at Request.<anonymous> (/Users/mbrocato/.nvm/versions/node/v7.5.0/lib/node_modules/npm/node_modules/request/request.js:1081:10)
25 silly fetchPackageMetaData     at emitOne (events.js:96:13)
25 silly fetchPackageMetaData     at Request.emit (events.js:189:7)
25 silly fetchPackageMetaData     at IncomingMessage.<anonymous> (/Users/mbrocato/.nvm/versions/node/v7.5.0/lib/node_modules/npm/node_modules/request/request.js:1001:12)
25 silly fetchPackageMetaData  error for @extjs/reactor-fiber@^0.2.12 { Error: Not found : @extjs/reactor-fiber
25 silly fetchPackageMetaData     at makeError (/Users/mbrocato/.nvm/versions/node/v7.5.0/lib/node_modules/npm/node_modules/npm-registry-client/lib/request.js:304:12)
25 silly fetchPackageMetaData     at CachingRegistryClient.<anonymous> (/Users/mbrocato/.nvm/versions/node/v7.5.0/lib/node_modules/npm/node_modules/npm-registry-client/lib/request.js:292:14)
25 silly fetchPackageMetaData     at Request._callback (/Users/mbrocato/.nvm/versions/node/v7.5.0/lib/node_modules/npm/node_modules/npm-registry-client/lib/request.js:212:14)
25 silly fetchPackageMetaData     at Request.self.callback (/Users/mbrocato/.nvm/versions/node/v7.5.0/lib/node_modules/npm/node_modules/request/request.js:186:22)
25 silly fetchPackageMetaData     at emitTwo (events.js:106:13)
25 silly fetchPackageMetaData     at Request.emit (events.js:192:7)
25 silly fetchPackageMetaData     at Request.<anonymous> (/Users/mbrocato/.nvm/versions/node/v7.5.0/lib/node_modules/npm/node_modules/request/request.js:1081:10)
25 silly fetchPackageMetaData     at emitOne (events.js:96:13)
25 silly fetchPackageMetaData     at Request.emit (events.js:189:7)
25 silly fetchPackageMetaData     at IncomingMessage.<anonymous> (/Users/mbrocato/.nvm/versions/node/v7.5.0/lib/node_modules/npm/node_modules/request/request.js:1001:12) pkgid: '@extjs/reactor-fiber', statusCode: 404, code: 'E404' }
26 silly rollbackFailedOptional Starting
27 silly rollbackFailedOptional Finishing
28 silly runTopLevelLifecycles Finishing
29 silly install printInstalled
30 verbose stack Error: Not found : @extjs/reactor-fiber
30 verbose stack     at makeError (/Users/mbrocato/.nvm/versions/node/v7.5.0/lib/node_modules/npm/node_modules/npm-registry-client/lib/request.js:304:12)
30 verbose stack     at CachingRegistryClient.<anonymous> (/Users/mbrocato/.nvm/versions/node/v7.5.0/lib/node_modules/npm/node_modules/npm-registry-client/lib/request.js:292:14)
30 verbose stack     at Request._callback (/Users/mbrocato/.nvm/versions/node/v7.5.0/lib/node_modules/npm/node_modules/npm-registry-client/lib/request.js:212:14)
30 verbose stack     at Request.self.callback (/Users/mbrocato/.nvm/versions/node/v7.5.0/lib/node_modules/npm/node_modules/request/request.js:186:22)
30 verbose stack     at emitTwo (events.js:106:13)
30 verbose stack     at Request.emit (events.js:192:7)
30 verbose stack     at Request.<anonymous> (/Users/mbrocato/.nvm/versions/node/v7.5.0/lib/node_modules/npm/node_modules/request/request.js:1081:10)
30 verbose stack     at emitOne (events.js:96:13)
30 verbose stack     at Request.emit (events.js:189:7)
30 verbose stack     at IncomingMessage.<anonymous> (/Users/mbrocato/.nvm/versions/node/v7.5.0/lib/node_modules/npm/node_modules/request/request.js:1001:12)
31 verbose statusCode 404
32 verbose pkgid @extjs/reactor-fiber
33 verbose cwd /Users/mbrocato/Code/extjs-reactor/packages/reactor-fiber-boilerplate
34 error Darwin 16.4.0
35 error argv "/Users/mbrocato/.nvm/versions/node/v7.5.0/bin/node" "/Users/mbrocato/.nvm/versions/node/v7.5.0/bin/npm" "install" "@extjs/reactor-fiber@^0.2.12"
36 error node v7.5.0
37 error npm  v4.1.2
38 error code E404
39 error 404 Not found : @extjs/reactor-fiber
40 error 404
41 error 404 '@extjs/reactor-fiber' is not in the npm registry.
42 error 404 You should bug the author to publish it (or use the name yourself!)
43 error 404 Note that you can also install from a
44 error 404 tarball, folder, http url, or git url.
45 verbose exit [ 1, true ]
